<?xml version="1.0" encoding="UTF-8"?>
<!-- Generated by org.testng.reporters.JUnitReportReporter -->
<testsuite hostname="LAPTOP-OIL1SOPS" failures="0" tests="1" name="Com.Ecommerce.TestCases.TC_NewRegistration" time="10.900" errors="0" timestamp="2024-03-20T00:26:43 IST" skipped="0">
  <testcase classname="Com.Ecommerce.TestCases.TC_NewRegistration" name="Registration" time="10.900"/>
  <system-out/>
</testsuite> <!-- Com.Ecommerce.TestCases.TC_NewRegistration -->
