<?xml version="1.0" encoding="UTF-8"?>
<!-- Generated by org.testng.reporters.JUnitReportReporter -->
<testsuite hostname="Ranjeet-MacBook-Pro.local" failures="0" tests="1" name="Com.Ecommerce.TestCases.LoginTestData" time="0.000" errors="1" timestamp="2024-03-14T23:58:24 IST" skipped="0">
  <testcase classname="Com.Ecommerce.TestCases.LoginTestData" name="Logindata" time="0.000">
    <error message="java.lang.NoClassDefFoundError: org/apache/logging/log4j/util/Lazy" type="java.lang.RuntimeException">
      <![CDATA[java.lang.RuntimeException: java.lang.NoClassDefFoundError: org/apache/logging/log4j/util/Lazy
at org.testng.internal.invokers.MethodInvocationHelper.invokeMethodNoCheckedException(MethodInvocationHelper.java:57)
at org.testng.internal.invokers.MethodInvocationHelper.invokeDataProvider(MethodInvocationHelper.java:157)
at org.testng.internal.Parameters.handleParameters(Parameters.java:803)
at org.testng.internal.Parameters.handleParameters(Parameters.java:728)
at org.testng.internal.invokers.ParameterHandler.handleParameters(ParameterHandler.java:72)
at org.testng.internal.invokers.ParameterHandler.createParameters(ParameterHandler.java:51)
at org.testng.internal.invokers.TestInvoker$MethodInvocationAgent.invoke(TestInvoker.java:911)
at org.testng.internal.invokers.TestInvoker.invokeTestMethods(TestInvoker.java:200)
at org.testng.internal.invokers.TestMethodWorker.invokeTestMethods(TestMethodWorker.java:148)
at org.testng.internal.invokers.TestMethodWorker.run(TestMethodWorker.java:128)
at java.base/java.util.ArrayList.forEach(ArrayList.java:1511)
at org.testng.TestRunner.privateRun(TestRunner.java:848)
at org.testng.TestRunner.run(TestRunner.java:621)
at org.testng.SuiteRunner.runTest(SuiteRunner.java:443)
at org.testng.SuiteRunner.runSequentially(SuiteRunner.java:437)
at org.testng.SuiteRunner.privateRun(SuiteRunner.java:397)
at org.testng.SuiteRunner.run(SuiteRunner.java:336)
at org.testng.SuiteRunnerWorker.runSuite(SuiteRunnerWorker.java:52)
at org.testng.SuiteRunnerWorker.run(SuiteRunnerWorker.java:95)
at org.testng.TestNG.runSuitesSequentially(TestNG.java:1280)
at org.testng.TestNG.runSuitesLocally(TestNG.java:1200)
at org.testng.TestNG.runSuites(TestNG.java:1114)
at org.testng.TestNG.run(TestNG.java:1082)
at org.testng.remote.AbstractRemoteTestNG.run(AbstractRemoteTestNG.java:115)
at org.testng.remote.RemoteTestNG.initAndRun(RemoteTestNG.java:251)
at org.testng.remote.RemoteTestNG.main(RemoteTestNG.java:77)
Caused by: java.lang.NoClassDefFoundError: org/apache/logging/log4j/util/Lazy
at org.apache.logging.log4j.core.selector.ClassLoaderContextSelector.<init>(ClassLoaderContextSelector.java:55)
at org.apache.logging.log4j.core.impl.Log4jContextFactory.createContextSelector(Log4jContextFactory.java:108)
at org.apache.logging.log4j.core.impl.Log4jContextFactory.<init>(Log4jContextFactory.java:60)
at java.base/jdk.internal.reflect.DirectConstructorHandleAccessor.newInstance(DirectConstructorHandleAccessor.java:67)
at java.base/java.lang.reflect.Constructor.newInstanceWithCaller(Constructor.java:499)
at java.base/java.lang.reflect.ReflectAccess.newInstance(ReflectAccess.java:128)
at java.base/jdk.internal.reflect.ReflectionFactory.newInstance(ReflectionFactory.java:341)
at java.base/java.lang.Class.newInstance(Class.java:677)
at org.apache.logging.log4j.LogManager.<clinit>(LogManager.java:95)
at org.apache.poi.ooxml.POIXMLDocumentPart.<clinit>(POIXMLDocumentPart.java:56)
at Com.Ecommerce.Utilities.XLSUtils.getRowcount(XLSUtils.java:24)
at Com.Ecommerce.TestCases.LoginTestData.getdata(LoginTestData.java:68)
at java.base/jdk.internal.reflect.DirectMethodHandleAccessor.invoke(DirectMethodHandleAccessor.java:104)
at java.base/java.lang.reflect.Method.invoke(Method.java:577)
at org.testng.internal.invokers.MethodInvocationHelper.invokeMethod(MethodInvocationHelper.java:139)
at org.testng.internal.invokers.MethodInvocationHelper.invokeMethod(MethodInvocationHelper.java:84)
at org.testng.internal.invokers.MethodInvocationHelper.invokeMethodNoCheckedException(MethodInvocationHelper.java:53)
... 25 more
Caused by: java.lang.ClassNotFoundException: org.apache.logging.log4j.util.Lazy
at java.base/jdk.internal.loader.BuiltinClassLoader.loadClass(BuiltinClassLoader.java:641)
at java.base/jdk.internal.loader.ClassLoaders$AppClassLoader.loadClass(ClassLoaders.java:188)
at java.base/java.lang.ClassLoader.loadClass(ClassLoader.java:521)
... 42 more
]]>
    </error>
  </testcase> <!-- Logindata -->
</testsuite> <!-- Com.Ecommerce.TestCases.LoginTestData -->
