<?xml version="1.0" encoding="UTF-8"?>
<!-- Generated by org.testng.reporters.JUnitReportReporter -->
<testsuite hostname="Ranjeet-MacBook-Pro.local" failures="0" tests="1" name="Com.Ecommerce.TestCases.TC_BrokenLinks" time="99.015" errors="0" timestamp="2024-03-16T00:17:58 IST" skipped="0">
  <testcase classname="Com.Ecommerce.TestCases.TC_BrokenLinks" name="Broken_links" time="99.015"/>
</testsuite> <!-- Com.Ecommerce.TestCases.TC_BrokenLinks -->
